Crashlog created at 2023-04-23 17:29:43 +0100

===== MESSAGE:

Errno::ENOENT: No such file or directory @ rb_file_s_ftype - /Users/ada/creations/code/greyzone/greyzone/output/extension/content_all.js

===== STACK TRACE:

  0. /Users/ada/.gem/ruby/3.1.3/gems/nanoc-core-4.12.15/lib/nanoc/core/pruner.rb:86:in `ftype'
  1. /Users/ada/.gem/ruby/3.1.3/gems/nanoc-core-4.12.15/lib/nanoc/core/pruner.rb:86:in `block in files_and_dirs_in'
  2. /Users/ada/.rubies/ruby-3.1.3/lib/ruby/3.1.0/find.rb:49:in `block (2 levels) in find'
  3. /Users/ada/.rubies/ruby-3.1.3/lib/ruby/3.1.0/find.rb:48:in `catch'
  4. /Users/ada/.rubies/ruby-3.1.3/lib/ruby/3.1.0/find.rb:48:in `block in find'
  5. /Users/ada/.rubies/ruby-3.1.3/lib/ruby/3.1.0/find.rb:43:in `each'
  6. /Users/ada/.rubies/ruby-3.1.3/lib/ruby/3.1.0/find.rb:43:in `find'
  7. /Users/ada/.gem/ruby/3.1.3/gems/nanoc-core-4.12.15/lib/nanoc/core/pruner.rb:85:in `files_and_dirs_in'
  8. /Users/ada/.gem/ruby/3.1.3/gems/nanoc-core-4.12.15/lib/nanoc/core/pruner.rb:22:in `run'
  9. /Users/ada/.gem/ruby/3.1.3/gems/nanoc-core-4.12.15/lib/nanoc/core/compilation_stages/prune.rb:14:in `run'
  10. /Users/ada/.gem/ruby/3.1.3/gems/nanoc-core-4.12.15/lib/nanoc/core/compilation_stage.rb:9:in `block in call'
  11. /Users/ada/.gem/ruby/3.1.3/gems/nanoc-core-4.12.15/lib/nanoc/core/instrumentor.rb:27:in `call'
  12. /Users/ada/.gem/ruby/3.1.3/gems/nanoc-core-4.12.15/lib/nanoc/core/compilation_stage.rb:8:in `call'
  13. /Users/ada/.gem/ruby/3.1.3/gems/nanoc-core-4.12.15/lib/nanoc/core/compiler.rb:87:in `run_until_end'
  14. /Users/ada/.gem/ruby/3.1.3/gems/nanoc-live-1.0.0/lib/nanoc/live/live_recompiler.rb:102:in `block in unsafe_handle_changes'
  15. /Users/ada/.gem/ruby/3.1.3/gems/nanoc-cli-4.12.15/lib/nanoc/cli/compile_listeners/abstract.rb:38:in `run_while'
  16. /Users/ada/.gem/ruby/3.1.3/gems/nanoc-live-1.0.0/lib/nanoc/live/live_recompiler.rb:101:in `unsafe_handle_changes'
  17. /Users/ada/.gem/ruby/3.1.3/gems/nanoc-live-1.0.0/lib/nanoc/live/live_recompiler.rb:87:in `block in handle_changes'
  18. /Users/ada/.gem/ruby/3.1.3/gems/nanoc-cli-4.12.15/lib/nanoc/cli/error_handler.rb:57:in `handle_while'
  19. /Users/ada/.gem/ruby/3.1.3/gems/nanoc-cli-4.12.15/lib/nanoc/cli/error_handler.rb:15:in `handle_while'
  20. /Users/ada/.gem/ruby/3.1.3/gems/nanoc-live-1.0.0/lib/nanoc/live/live_recompiler.rb:86:in `handle_changes'
  21. /Users/ada/.gem/ruby/3.1.3/gems/nanoc-live-1.0.0/lib/nanoc/live/live_recompiler.rb:12:in `block in run'
  22. /Users/ada/.gem/ruby/3.1.3/gems/nanoc-live-1.0.0/lib/nanoc/live/live_recompiler.rb:66:in `block (2 levels) in run_parent'
  23. /Users/ada/.gem/ruby/3.1.3/gems/nanoc-live-1.0.0/lib/nanoc/live/live_recompiler.rb:55:in `block in run_child'
  24. /Users/ada/.gem/ruby/3.1.3/gems/slow_enumerator_tools-1.1.0/lib/slow_enumerator_tools/merger.rb:9:in `<<'
  25. /Users/ada/.gem/ruby/3.1.3/gems/slow_enumerator_tools-1.1.0/lib/slow_enumerator_tools/merger.rb:9:in `block (2 levels) in merge'
  26. /Users/ada/.gem/ruby/3.1.3/gems/slow_enumerator_tools-1.1.0/lib/slow_enumerator_tools/merger.rb:9:in `loop'
  27. /Users/ada/.gem/ruby/3.1.3/gems/slow_enumerator_tools-1.1.0/lib/slow_enumerator_tools/merger.rb:9:in `block in merge'
  28. /Users/ada/.gem/ruby/3.1.3/gems/nanoc-live-1.0.0/lib/nanoc/live/live_recompiler.rb:42:in `each'
  29. /Users/ada/.gem/ruby/3.1.3/gems/nanoc-live-1.0.0/lib/nanoc/live/live_recompiler.rb:42:in `each'
  30. /Users/ada/.gem/ruby/3.1.3/gems/nanoc-live-1.0.0/lib/nanoc/live/live_recompiler.rb:42:in `each'
  31. /Users/ada/.gem/ruby/3.1.3/gems/nanoc-live-1.0.0/lib/nanoc/live/live_recompiler.rb:42:in `run_child'
  32. /Users/ada/.gem/ruby/3.1.3/gems/nanoc-live-1.0.0/lib/nanoc/live/live_recompiler.rb:66:in `block in run_parent'
  33. /Users/ada/.gem/ruby/3.1.3/gems/nanoc-live-1.0.0/lib/nanoc/live/live_recompiler.rb:66:in `fork'
  34. /Users/ada/.gem/ruby/3.1.3/gems/nanoc-live-1.0.0/lib/nanoc/live/live_recompiler.rb:66:in `run_parent'
  35. /Users/ada/.gem/ruby/3.1.3/gems/nanoc-live-1.0.0/lib/nanoc/live/live_recompiler.rb:11:in `run'
  36. /Users/ada/.gem/ruby/3.1.3/gems/nanoc-cli-4.12.15/lib/nanoc/cli/commands/compile.rb:29:in `run_repeat'
  37. /Users/ada/.gem/ruby/3.1.3/gems/nanoc-cli-4.12.15/lib/nanoc/cli/commands/compile.rb:21:in `run'
  38. /Users/ada/.gem/ruby/3.1.3/gems/nanoc-cli-4.12.15/lib/nanoc/cli/command_runner.rb:15:in `block in call'
  39. /Users/ada/.gem/ruby/3.1.3/gems/nanoc-cli-4.12.15/lib/nanoc/cli/error_handler.rb:57:in `handle_while'
  40. /Users/ada/.gem/ruby/3.1.3/gems/nanoc-cli-4.12.15/lib/nanoc/cli/error_handler.rb:15:in `handle_while'
  41. /Users/ada/.gem/ruby/3.1.3/gems/nanoc-cli-4.12.15/lib/nanoc/cli/command_runner.rb:14:in `call'
  42. /Users/ada/.gem/ruby/3.1.3/gems/cri-2.15.11/lib/cri/command_dsl.rb:294:in `block in runner'
  43. /Users/ada/.gem/ruby/3.1.3/gems/cri-2.15.11/lib/cri/command.rb:362:in `run_this'
  44. /Users/ada/.gem/ruby/3.1.3/gems/cri-2.15.11/lib/cri/command.rb:298:in `run'
  45. /Users/ada/.gem/ruby/3.1.3/gems/cri-2.15.11/lib/cri/command.rb:316:in `run'
  46. /Users/ada/.gem/ruby/3.1.3/gems/nanoc-cli-4.12.15/lib/nanoc/cli.rb:88:in `block in run'
  47. /Users/ada/.gem/ruby/3.1.3/gems/nanoc-cli-4.12.15/lib/nanoc/cli/error_handler.rb:57:in `handle_while'
  48. /Users/ada/.gem/ruby/3.1.3/gems/nanoc-cli-4.12.15/lib/nanoc/cli/error_handler.rb:15:in `handle_while'
  49. /Users/ada/.gem/ruby/3.1.3/gems/nanoc-cli-4.12.15/lib/nanoc/cli.rb:86:in `run'
  50. /Users/ada/.gem/ruby/3.1.3/gems/nanoc-4.12.15/bin/nanoc:18:in `<top (required)>'
  51. /Users/ada/.gem/ruby/3.1.3/bin/nanoc:25:in `load'

===== VERSION INFORMATION:

Nanoc 4.12.15 © 2007–… Denis Defreyne.
Running ruby 3.1.3 (2022-11-24) on x86_64-darwin20 with RubyGems 3.3.26.

===== SYSTEM INFORMATION:

Darwin adas-MacBook-Pro.local 20.6.0 Darwin Kernel Version 20.6.0: Fri Dec 16 00:35:00 PST 2022; root:xnu-7195.141.49~1/RELEASE_X86_64 x86_64

===== INSTALLED GEMS:

  abbrev 0.1.0
  addressable 2.8.4
  adsf 1.4.7
  adsf-live 1.4.7
  base64 0.1.1
  benchmark 0.2.0
  bigdecimal 3.1.1
  bundler 2.3.26
  cgi 0.3.5
  colorator 1.1.0
  colored 1.2
  concurrent-ruby 1.2.2
  cri 2.15.11
  csv 3.2.5
  date 3.2.2
  ddmetrics 1.0.1
  ddplugin 1.0.3
  debug 1.6.3
  delegate 0.2.0
  did_you_mean 1.6.1
  diff-lcs 1.5.0
  digest 3.1.0
  drb 2.1.0
  em-websocket 0.5.3
  english 0.7.1
  erb 2.2.3
  error_highlight 0.3.0
  etc 1.3.0
  eventmachine 1.2.7
  fcntl 1.0.1
  ffi 1.15.5
  fiddle 1.1.0
  fileutils 1.6.0
  find 0.1.1
  forwardable 1.3.2
  forwardable-extended 2.6.0
  getoptlong 0.1.1
  google-protobuf 3.22.2, 3.22.3
  hamster 3.0.0
  http_parser.rb 0.8.0
  i18n 1.12.0
  io-console 0.5.11
  io-nonblock 0.1.0
  io-wait 0.2.1
  ipaddr 1.2.4
  irb 1.4.1
  jekyll 4.3.2
  jekyll-feed 0.17.0
  jekyll-sass-converter 3.0.0
  jekyll-seo-tag 2.8.0
  jekyll-watch 2.2.1
  json 2.6.1
  json_schema 0.21.0
  kramdown 2.4.0
  kramdown-parser-gfm 1.1.0
  liquid 4.0.4
  listen 3.8.0
  logger 1.5.0
  matrix 0.4.2
  memo_wise 1.7.0
  mercenary 0.4.0
  minima 2.5.1
  minitest 5.15.0
  mutex_m 0.1.1
  nanoc 4.12.15
  nanoc-checking 1.0.2
  nanoc-cli 4.12.15
  nanoc-core 4.12.15
  nanoc-deploying 1.0.2
  nanoc-live 1.0.0
  net-ftp 0.1.3
  net-http 0.3.0
  net-imap 0.2.3
  net-pop 0.1.1
  net-protocol 0.1.2
  net-smtp 0.3.1
  nkf 0.1.1
  observer 0.1.1
  open-uri 0.2.0
  open3 0.1.1
  openssl 3.0.1
  optparse 0.2.0
  ostruct 0.5.2
  parallel 1.23.0
  pastel 0.8.0
  pathname 0.2.0
  pathutil 0.16.2
  power_assert 2.0.1
  pp 0.3.0
  prettyprint 0.1.1
  prime 0.1.2
  pstore 0.1.1
  psych 4.0.4, 4.0.6
  public_suffix 5.0.1
  racc 1.6.0
  rack 3.0.7
  rack-livereload 0.5.1
  rackup 2.1.0
  rake 13.0.6
  rb-fsevent 0.11.2
  rb-inotify 0.10.1
  rbs 2.7.0
  rdoc 6.4.0
  readline 0.0.3
  readline-ext 0.1.4
  reline 0.3.1
  resolv 0.2.1
  resolv-replace 0.1.0
  rexml 3.2.5
  rinda 0.1.1
  rouge 4.1.0
  rss 0.2.9
  ruby2_keywords 0.0.5
  safe_yaml 1.0.5
  sass-embedded 1.61.0, 1.62.0
  securerandom 0.2.0
  set 1.0.2
  shellwords 0.1.0
  singleton 0.1.1
  slow_enumerator_tools 1.1.0
  stringio 3.0.1, 3.0.6
  strscan 3.0.1
  syslog 0.1.0
  tempfile 0.1.2
  terminal-table 3.0.2
  test-unit 3.5.3
  time 0.2.0
  timeout 0.2.0
  tmpdir 0.1.2
  tsort 0.1.0
  tty-color 0.6.0
  tty-command 0.10.1
  tty-platform 0.3.0
  tty-which 0.5.0
  typeprof 0.21.3
  un 0.2.0
  unicode-display_width 2.4.2
  uri 0.11.0
  weakref 0.1.1
  webrick 1.8.1
  yaml 0.2.0
  zeitwerk 2.6.7
  zlib 2.1.1

===== LOAD PATHS:

  0. /Users/ada/.gem/ruby/3.1.3/gems/http_parser.rb-0.8.0/lib
  1. /Users/ada/.gem/ruby/3.1.3/gems/em-websocket-0.5.3/lib/../lib
  2. /Users/ada/.gem/ruby/3.1.3/gems/public_suffix-5.0.1/lib
  3. /Users/ada/.gem/ruby/3.1.3/gems/addressable-2.8.4/lib
  4. /Users/ada/.gem/ruby/3.1.3/gems/colored-1.2/lib
  5. /Users/ada/.gem/ruby/3.1.3/gems/cri-2.15.11/lib
  6. /Users/ada/.gem/ruby/3.1.3/gems/diff-lcs-1.5.0/lib
  7. /Users/ada/.gem/ruby/3.1.3/gems/concurrent-ruby-1.2.2/lib/concurrent-ruby
  8. /Users/ada/.gem/ruby/3.1.3/gems/ddmetrics-1.0.1/lib
  9. /Users/ada/.gem/ruby/3.1.3/gems/ddplugin-1.0.3/lib
  10. /Users/ada/.gem/ruby/3.1.3/gems/hamster-3.0.0/lib
  11. /Users/ada/.gem/ruby/3.1.3/gems/json_schema-0.21.0/lib
  12. /Users/ada/.gem/ruby/3.1.3/gems/memo_wise-1.7.0/lib
  13. /Users/ada/.gem/ruby/3.1.3/gems/slow_enumerator_tools-1.1.0/lib
  14. /Users/ada/.gem/ruby/3.1.3/gems/tty-platform-0.3.0/lib
  15. /Users/ada/.gem/ruby/3.1.3/gems/zeitwerk-2.6.7/lib
  16. /Users/ada/.gem/ruby/3.1.3/gems/nanoc-core-4.12.15/lib
  17. /Users/ada/.gem/ruby/3.1.3/gems/nanoc-cli-4.12.15/lib
  18. /Users/ada/.gem/ruby/3.1.3/gems/nanoc-checking-1.0.2/lib
  19. /Users/ada/.gem/ruby/3.1.3/gems/nanoc-deploying-1.0.2/lib
  20. /Users/ada/.gem/ruby/3.1.3/gems/parallel-1.23.0/lib
  21. /Users/ada/.gem/ruby/3.1.3/gems/tty-color-0.6.0/lib
  22. /Users/ada/.gem/ruby/3.1.3/gems/pastel-0.8.0/lib
  23. /Users/ada/.gem/ruby/3.1.3/gems/tty-command-0.10.1/lib
  24. /Users/ada/.gem/ruby/3.1.3/gems/tty-which-0.5.0/lib
  25. /Users/ada/.gem/ruby/3.1.3/gems/nanoc-4.12.15/lib
  26. /Users/ada/.gem/ruby/3.1.3/gems/stringio-3.0.6/lib
  27. /Users/ada/.gem/ruby/3.1.3/extensions/x86_64-darwin-20/3.1.0-static/stringio-3.0.6
  28. /Users/ada/.gem/ruby/3.1.3/gems/psych-4.0.6/lib
  29. /Users/ada/.gem/ruby/3.1.3/extensions/x86_64-darwin-20/3.1.0-static/psych-4.0.6
  30. /Users/ada/.gem/ruby/3.1.3/gems/rack-3.0.7/lib
  31. /Users/ada/.gem/ruby/3.1.3/gems/webrick-1.8.1/lib
  32. /Users/ada/.gem/ruby/3.1.3/gems/rackup-2.1.0/lib
  33. /Users/ada/.gem/ruby/3.1.3/gems/adsf-1.4.7/lib
  34. /Users/ada/.gem/ruby/3.1.3/gems/eventmachine-1.2.7/lib
  35. /Users/ada/.gem/ruby/3.1.3/extensions/x86_64-darwin-20/3.1.0-static/eventmachine-1.2.7
  36. /Users/ada/.gem/ruby/3.1.3/gems/http_parser.rb-0.8.0/lib
  37. /Users/ada/.gem/ruby/3.1.3/extensions/x86_64-darwin-20/3.1.0-static/http_parser.rb-0.8.0
  38. /Users/ada/.gem/ruby/3.1.3/gems/em-websocket-0.5.3/lib
  39. /Users/ada/.gem/ruby/3.1.3/gems/rb-fsevent-0.11.2/lib
  40. /Users/ada/.gem/ruby/3.1.3/gems/ffi-1.15.5/lib
  41. /Users/ada/.gem/ruby/3.1.3/extensions/x86_64-darwin-20/3.1.0-static/ffi-1.15.5
  42. /Users/ada/.gem/ruby/3.1.3/gems/rb-inotify-0.10.1/lib
  43. /Users/ada/.gem/ruby/3.1.3/gems/listen-3.8.0/lib
  44. /Users/ada/.gem/ruby/3.1.3/gems/rack-livereload-0.5.1/lib
  45. /Users/ada/.gem/ruby/3.1.3/gems/adsf-live-1.4.7/lib
  46. /Users/ada/.gem/ruby/3.1.3/gems/nanoc-live-1.0.0/lib
  47. /Users/ada/.rubies/ruby-3.1.3/lib/ruby/site_ruby/3.1.0
  48. /Users/ada/.rubies/ruby-3.1.3/lib/ruby/site_ruby/3.1.0/x86_64-darwin20
  49. /Users/ada/.rubies/ruby-3.1.3/lib/ruby/site_ruby
  50. /Users/ada/.rubies/ruby-3.1.3/lib/ruby/vendor_ruby/3.1.0
  51. /Users/ada/.rubies/ruby-3.1.3/lib/ruby/vendor_ruby/3.1.0/x86_64-darwin20
  52. /Users/ada/.rubies/ruby-3.1.3/lib/ruby/vendor_ruby
  53. /Users/ada/.rubies/ruby-3.1.3/lib/ruby/3.1.0
  54. /Users/ada/.rubies/ruby-3.1.3/lib/ruby/3.1.0/x86_64-darwin20
